\BOOKMARK [0][-]{section*.1}{Table of Contents}{}% 1
\BOOKMARK [0][-]{section*.3}{List of Figures}{}% 2
\BOOKMARK [0][-]{chapter.1}{Introduction}{}% 3
\BOOKMARK [1][-]{section.1.1}{Overviews}{chapter.1}% 4
\BOOKMARK [2][-]{subsection.1.1.1}{Purpose}{section.1.1}% 5
\BOOKMARK [2][-]{subsection.1.1.2}{Scope}{section.1.1}% 6
\BOOKMARK [2][-]{subsection.1.1.3}{Intendend Audience}{section.1.1}% 7
\BOOKMARK [2][-]{subsection.1.1.4}{Identified Stakeholders and design concerns}{section.1.1}% 8
\BOOKMARK [2][-]{subsection.1.1.5}{References :}{section.1.1}% 9
\BOOKMARK [1][-]{section.1.2}{Definitions,Acronyms,Abbreviations}{chapter.1}% 10
\BOOKMARK [2][-]{subsection.1.2.1}{Definitions}{section.1.2}% 11
\BOOKMARK [2][-]{subsection.1.2.2}{Acronyms}{section.1.2}% 12
\BOOKMARK [2][-]{subsection.1.2.3}{Abbreviations}{section.1.2}% 13
\BOOKMARK [0][-]{chapter.2}{Data and Class Elements }{}% 14
\BOOKMARK [1][-]{section.2.1}{Data elements}{chapter.2}% 15
\BOOKMARK [2][-]{subsection.2.1.1}{Entity Relationship Diagram}{section.2.1}% 16
\BOOKMARK [2][-]{subsection.2.1.2}{Description}{section.2.1}% 17
\BOOKMARK [2][-]{subsection.2.1.3}{Class Diagram}{section.2.1}% 18
\BOOKMARK [2][-]{subsection.2.1.4}{Description}{section.2.1}% 19
\BOOKMARK [0][-]{chapter.3}{System Architecture }{}% 20
\BOOKMARK [1][-]{section.3.1}{Cassandra Database Cluster Architecture Design}{chapter.3}% 21
\BOOKMARK [2][-]{subsection.3.1.1}{Description}{section.3.1}% 22
\BOOKMARK [0][-]{section*.8}{Appendices}{}% 23
\BOOKMARK [0][-]{appendix.A}{Design View Point}{}% 24
\BOOKMARK [1][-]{section.A.1}{Context View Point}{appendix.A}% 25
\BOOKMARK [2][-]{subsection.A.1.1}{Use Case Diagram}{section.A.1}% 26
\BOOKMARK [2][-]{subsection.A.1.2}{Description}{section.A.1}% 27
\BOOKMARK [2][-]{subsection.A.1.3}{Description}{section.A.1}% 28
\BOOKMARK [2][-]{subsection.A.1.4}{Description}{section.A.1}% 29
\BOOKMARK [2][-]{subsection.A.1.5}{Description}{section.A.1}% 30
\BOOKMARK [2][-]{subsection.A.1.6}{Description}{section.A.1}% 31
\BOOKMARK [0][-]{appendix.B}{Functional and Behavioral Designs}{}% 32
\BOOKMARK [1][-]{section.B.1}{Interaction View Point}{appendix.B}% 33
\BOOKMARK [2][-]{subsection.B.1.1}{Activity Diagram 1}{section.B.1}% 34
\BOOKMARK [2][-]{subsection.B.1.2}{Activity Diagram 2}{section.B.1}% 35
\BOOKMARK [2][-]{subsection.B.1.3}{Sequence Diagram 1}{section.B.1}% 36
\BOOKMARK [2][-]{subsection.B.1.4}{Sequence Diagram 2}{section.B.1}% 37
\BOOKMARK [2][-]{subsection.B.1.5}{Activity Diagram For Notification}{section.B.1}% 38
\BOOKMARK [2][-]{subsection.B.1.6}{State Dynamics View Point}{section.B.1}% 39
\BOOKMARK [0][-]{appendix.C}{Change History}{}% 40
